<?xml version="1.0" encoding="UTF-8"?>
<!-- Generated by org.testng.reporters.JUnitReportReporter -->
<testsuite hostname="DESKTOP-J62OJIL" failures="0" tests="2" name="TestRunner.CucumberTestRunnerForTags" time="0.128" errors="0" timestamp="2023-11-05T20:43:58 IST" skipped="0">
  <testcase classname="TestRunner.CucumberTestRunnerForTags" name="runScenario" time="0.010"/>
  <testcase classname="TestRunner.CucumberTestRunnerForTags" name="runScenario" time="0.118"/>
</testsuite> <!-- TestRunner.CucumberTestRunnerForTags -->
