<?xml version="1.0" encoding="UTF-8"?>
<!-- Generated by org.testng.reporters.JUnitReportReporter -->
<testsuite hostname="DESKTOP-J62OJIL" failures="0" tests="4" name="TestRunner.CucumberTestRunnerForTags" time="0.123" errors="0" timestamp="2023-10-28T00:28:56 IST" skipped="0">
  <testcase classname="TestRunner.CucumberTestRunnerForTags" name="runScenario" time="0.004"/>
  <testcase classname="TestRunner.CucumberTestRunnerForTags" name="runScenario" time="0.009"/>
  <testcase classname="TestRunner.CucumberTestRunnerForTags" name="runScenario" time="0.004"/>
  <testcase classname="TestRunner.CucumberTestRunnerForTags" name="runScenario" time="0.106"/>
</testsuite> <!-- TestRunner.CucumberTestRunnerForTags -->
